<?xml version="1.0" encoding="UTF-8"?>
<!-- Generated by org.testng.reporters.JUnitReportReporter -->
<testsuite name="br.com.rsi.hub3.automacao.tdd.testes.TesteConsultaLupa" tests="1" time="19.104" ignored="1" failures="0" timestamp="27 mar 2020 20:30:38 GMT" skipped="0" hostname="SKAR1201134" errors="0">
  <testcase name="TesteConsultaLupaNegativo" time="19.104" classname="br.com.rsi.hub3.automacao.tdd.testes.TesteConsultaLupa"/>
  <testcase name="TesteConsultaLupaPositivo" classname="br.com.rsi.hub3.automacao.tdd.testes.TesteConsultaLupa">
    <skipped/>
  </testcase> <!-- TesteConsultaLupaPositivo -->
</testsuite> <!-- br.com.rsi.hub3.automacao.tdd.testes.TesteConsultaLupa -->
