<?xml version="1.0" encoding="UTF-8"?>
<!-- Generated by org.testng.reporters.JUnitReportReporter -->
<testsuite name="br.com.rsi.hub3.automacao.tdd.testes.TesteConsultaLupa" tests="1" time="16.053" ignored="1" failures="0" timestamp="29 Mar 2020 15:24:18 GMT" skipped="0" hostname="SKAR1201134" errors="0">
  <testcase name="TesteConsultaLupaNegativo" time="16.053" classname="br.com.rsi.hub3.automacao.tdd.testes.TesteConsultaLupa"/>
  <testcase name="TesteConsultaLupaPositivo" classname="br.com.rsi.hub3.automacao.tdd.testes.TesteConsultaLupa">
    <skipped/>
  </testcase> <!-- TesteConsultaLupaPositivo -->
</testsuite> <!-- br.com.rsi.hub3.automacao.tdd.testes.TesteConsultaLupa -->
