<?xml version="1.0" encoding="UTF-8"?>
<!-- Generated by org.testng.reporters.JUnitReportReporter -->
<testsuite name="br.com.rsi.hub3.automacao.tdd.testes.TesteConsultaHome" tests="2" time="23.115" ignored="0" failures="0" timestamp="27 Mar 2020 21:13:10 GMT" skipped="0" hostname="SKAR1201134" errors="0">
  <testcase name="TesteConsultaHomePositivo" time="13.192" classname="br.com.rsi.hub3.automacao.tdd.testes.TesteConsultaHome"/>
  <testcase name="TesteConsultaHomeNegativo" time="9.923" classname="br.com.rsi.hub3.automacao.tdd.testes.TesteConsultaHome"/>
</testsuite> <!-- br.com.rsi.hub3.automacao.tdd.testes.TesteConsultaHome -->
