<?xml version="1.0" encoding="UTF-8"?>
<!-- Generated by org.testng.reporters.JUnitReportReporter -->
<testsuite name="br.com.rsi.hub3.automacao.tdd.testes.TesteConsultaLupa" tests="2" time="31.949" ignored="0" failures="0" timestamp="27 Mar 2020 21:19:20 GMT" skipped="0" hostname="SKAR1201134" errors="0">
  <testcase name="TesteConsultaLupaNegativo" time="16.066" classname="br.com.rsi.hub3.automacao.tdd.testes.TesteConsultaLupa"/>
  <testcase name="TesteConsultaLupaPositivo" time="15.883" classname="br.com.rsi.hub3.automacao.tdd.testes.TesteConsultaLupa"/>
</testsuite> <!-- br.com.rsi.hub3.automacao.tdd.testes.TesteConsultaLupa -->
