<?xml version="1.0" encoding="UTF-8"?>
<!-- Generated by org.testng.reporters.JUnitReportReporter -->
<testsuite name="br.com.rsi.hub3.automacao.tdd.testes.TesteLogin" tests="2" time="31.833" ignored="0" failures="0" timestamp="27 mar 2020 19:02:54 GMT" skipped="0" hostname="SKAR1201134" errors="0">
  <testcase name="TesteLoginPositivo" time="15.474" classname="br.com.rsi.hub3.automacao.tdd.testes.TesteLogin"/>
  <testcase name="TesteLoginNegativo" time="16.359" classname="br.com.rsi.hub3.automacao.tdd.testes.TesteLogin"/>
</testsuite> <!-- br.com.rsi.hub3.automacao.tdd.testes.TesteLogin -->
