<?xml version="1.0" encoding="UTF-8"?>
<!-- Generated by org.testng.reporters.JUnitReportReporter -->
<testsuite name="br.com.rsi.hub3.automacao.tdd.testes.TesteConsultaHome" tests="1" time="13.092" ignored="1" failures="0" timestamp="27 mar 2020 20:07:08 GMT" skipped="0" hostname="SKAR1201134" errors="0">
  <testcase name="TesteConsultaHomeNegativo" time="13.092" classname="br.com.rsi.hub3.automacao.tdd.testes.TesteConsultaHome"/>
  <testcase name="TesteConsultaHomePositivo" classname="br.com.rsi.hub3.automacao.tdd.testes.TesteConsultaHome">
    <skipped/>
  </testcase> <!-- TesteConsultaHomePositivo -->
</testsuite> <!-- br.com.rsi.hub3.automacao.tdd.testes.TesteConsultaHome -->
