<?xml version="1.0" encoding="UTF-8"?>
<!-- Generated by org.testng.reporters.JUnitReportReporter -->
<testsuite name="br.com.rsi.hub3.automacao.tdd.testes.TesteLogin" tests="2" time="22.099" ignored="0" failures="0" timestamp="26 mar 2020 20:25:19 GMT" skipped="0" hostname="SKAR1201134" errors="0">
  <testcase name="TesteLoginNegativo" time="11.623" classname="br.com.rsi.hub3.automacao.tdd.testes.TesteLogin"/>
  <testcase name="TesteLoginPositivo" time="10.476" classname="br.com.rsi.hub3.automacao.tdd.testes.TesteLogin"/>
</testsuite> <!-- br.com.rsi.hub3.automacao.tdd.testes.TesteLogin -->
