<?xml version="1.0" encoding="UTF-8"?>
<!-- Generated by org.testng.reporters.JUnitReportReporter -->
<testsuite name="br.com.rsi.hub3.automacao.tdd.testes.TesteConsultaLupa" tests="2" time="34.673" ignored="0" failures="0" timestamp="26 mar 2020 20:14:14 GMT" skipped="0" hostname="SKAR1201134" errors="0">
  <testcase name="TesteConsultaLupaNegativo" time="19.921" classname="br.com.rsi.hub3.automacao.tdd.testes.TesteConsultaLupa"/>
  <testcase name="TesteConsultaLupaPositivo" time="14.752" classname="br.com.rsi.hub3.automacao.tdd.testes.TesteConsultaLupa"/>
</testsuite> <!-- br.com.rsi.hub3.automacao.tdd.testes.TesteConsultaLupa -->
