<?xml version="1.0" encoding="UTF-8"?>
<!-- Generated by org.testng.reporters.JUnitReportReporter -->
<testsuite name="br.com.rsi.hub3.automacao.tdd.testes.TesteConsultaHome" tests="2" time="18.891" ignored="0" failures="0" timestamp="01 Apr 2020 11:43:32 GMT" skipped="0" hostname="SKAR1201134" errors="0">
  <testcase name="TesteConsultaHomePositivo" time="10.320" classname="br.com.rsi.hub3.automacao.tdd.testes.TesteConsultaHome"/>
  <testcase name="TesteConsultaHomeNegativo" time="8.571" classname="br.com.rsi.hub3.automacao.tdd.testes.TesteConsultaHome"/>
</testsuite> <!-- br.com.rsi.hub3.automacao.tdd.testes.TesteConsultaHome -->
