<?xml version="1.0" encoding="UTF-8"?>
<!-- Generated by org.testng.reporters.JUnitReportReporter -->
<testsuite name="br.com.rsi.hub3.automacao.tdd.testes.TesteCadastro" tests="2" time="54.556" ignored="0" failures="0" timestamp="01 Apr 2020 11:42:52 GMT" skipped="0" hostname="SKAR1201134" errors="0">
  <testcase name="TesteCadastroPositivo" time="26.643" classname="br.com.rsi.hub3.automacao.tdd.testes.TesteCadastro"/>
  <testcase name="TesteCadastroNegativo" time="27.913" classname="br.com.rsi.hub3.automacao.tdd.testes.TesteCadastro"/>
</testsuite> <!-- br.com.rsi.hub3.automacao.tdd.testes.TesteCadastro -->
