<?xml version="1.0" encoding="UTF-8"?>
<!-- Generated by org.testng.reporters.JUnitReportReporter -->
<testsuite name="br.com.rsi.hub3.automacao.tdd.testes.TesteCadastro" tests="1" time="33.894" ignored="1" failures="0" timestamp="26 mar 2020 20:22:07 GMT" skipped="0" hostname="SKAR1201134" errors="0">
  <testcase name="TesteCadastroPositivo" time="33.894" classname="br.com.rsi.hub3.automacao.tdd.testes.TesteCadastro"/>
  <testcase name="TesteCadastroNegativo" classname="br.com.rsi.hub3.automacao.tdd.testes.TesteCadastro">
    <skipped/>
  </testcase> <!-- TesteCadastroNegativo -->
</testsuite> <!-- br.com.rsi.hub3.automacao.tdd.testes.TesteCadastro -->
