<?xml version="1.0" encoding="UTF-8"?>
<!-- Generated by org.testng.reporters.JUnitReportReporter -->
<testsuite name="br.com.rsi.hub3.automacao.tdd.testes.TesteConsultaHome" tests="2" time="20.313" ignored="0" failures="0" timestamp="26 mar 2020 12:11:06 GMT" skipped="0" hostname="SKAR1201134" errors="0">
  <testcase name="TesteConsultaHomeNegativo" time="9.582" classname="br.com.rsi.hub3.automacao.tdd.testes.TesteConsultaHome"/>
  <testcase name="TesteConsultaHomePositivo" time="10.731" classname="br.com.rsi.hub3.automacao.tdd.testes.TesteConsultaHome"/>
</testsuite> <!-- br.com.rsi.hub3.automacao.tdd.testes.TesteConsultaHome -->
