<?xml version="1.0" encoding="UTF-8"?>
<!-- Generated by org.testng.reporters.JUnitReportReporter -->
<testsuite name="br.com.rsi.hub3.automacao.tdd.testes.TesteCadastro" tests="2" time="70.524" ignored="0" failures="0" timestamp="27 Mar 2020 21:10:13 GMT" skipped="0" hostname="SKAR1201134" errors="0">
  <testcase name="TesteCadastroPositivo" time="35.097" classname="br.com.rsi.hub3.automacao.tdd.testes.TesteCadastro"/>
  <testcase name="TesteCadastroNegativo" time="35.427" classname="br.com.rsi.hub3.automacao.tdd.testes.TesteCadastro"/>
</testsuite> <!-- br.com.rsi.hub3.automacao.tdd.testes.TesteCadastro -->
