<?xml version="1.0" encoding="UTF-8"?>
<!-- Generated by org.testng.reporters.JUnitReportReporter -->
<testsuite name="br.com.rsi.hub3.automacao.tdd.testes.TesteLogin" tests="2" time="31.278" ignored="0" failures="0" timestamp="01 Apr 2020 11:47:57 GMT" skipped="0" hostname="SKAR1201134" errors="0">
  <testcase name="TesteLoginNegativo" time="16.408" classname="br.com.rsi.hub3.automacao.tdd.testes.TesteLogin"/>
  <testcase name="TesteLoginPositivo" time="14.870" classname="br.com.rsi.hub3.automacao.tdd.testes.TesteLogin"/>
</testsuite> <!-- br.com.rsi.hub3.automacao.tdd.testes.TesteLogin -->
