<?xml version="1.0" encoding="UTF-8"?>
<!-- Generated by org.testng.reporters.JUnitReportReporter -->
<testsuite name="br.com.rsi.hub3.automacao.tdd.testes.TesteConsultaLupa" tests="2" time="29.488" ignored="0" failures="0" timestamp="01 Apr 2020 11:44:19 GMT" skipped="0" hostname="SKAR1201134" errors="0">
  <testcase name="TesteConsultaLupaNegativo" time="14.666" classname="br.com.rsi.hub3.automacao.tdd.testes.TesteConsultaLupa"/>
  <testcase name="TesteConsultaLupaPositivo" time="14.822" classname="br.com.rsi.hub3.automacao.tdd.testes.TesteConsultaLupa"/>
</testsuite> <!-- br.com.rsi.hub3.automacao.tdd.testes.TesteConsultaLupa -->
