<?xml version="1.0" encoding="UTF-8"?>
<!-- Generated by org.testng.reporters.JUnitReportReporter -->
<testsuite name="br.com.rsi.hub3.automacao.tdd.testes.TesteLogin" tests="2" time="38.027" ignored="0" failures="0" timestamp="27 Mar 2020 21:03:48 GMT" skipped="0" hostname="SKAR1201134" errors="0">
  <testcase name="TesteLoginNegativo" time="18.584" classname="br.com.rsi.hub3.automacao.tdd.testes.TesteLogin"/>
  <testcase name="TesteLoginPositivo" time="19.443" classname="br.com.rsi.hub3.automacao.tdd.testes.TesteLogin"/>
</testsuite> <!-- br.com.rsi.hub3.automacao.tdd.testes.TesteLogin -->
